[12/Sep/2018:13:59:23 +0000], User: -, "GET /1/catalogs/1/2/categories/1, Status: 200"
 Header:
 Host,localhost:10000,Connection,keep-alive,Upgrade-Insecure-Requests,1,User-Agent,Mozilla/5.0 (Windows NT 10.0; Win64; x64) AppleWebKit/537.36 (KHTML, like Gecko) Chrome/68.0.3440.106 Safari/537.36,Accept,text/html,application/xhtml+xml,application/xml;q=0.9,image/webp,image/apng,*/*;q=0.8,Accept-Encoding,gzip, deflate, br,Accept-Language,en-US,en;q=0.9,ar;q=0.8,Cookie,ajs_user_id=null; ajs_group_id=null; ajs_anonymous_id=%22895d57ce-4548-4028-8f08-599d9947fa6b%22
 Body:
 -
[12/Sep/2018:14:05:54 +0000], User: -, "GET /metadata, Status: 200"
 Header:
 Host,127.0.0.1:10000,Accept-Encoding,gzip, deflate,User-Agent,node-superagent/3.8.2,Accept,application/json,Connection,close
 Body:
 {}
[12/Sep/2018:14:05:54 +0000], User: -, "GET /1/cardtypes, Status: 200"
 Header:
 Host,127.0.0.1:10000,Accept-Encoding,gzip, deflate,User-Agent,node-superagent/3.8.2,Accept,application/json,Connection,close
 Body:
 -
[12/Sep/2018:14:05:54 +0000], User: -, "GET /1/catalogs/1/2/categories/1, Status: 200"
 Header:
 Host,127.0.0.1:10000,Accept-Encoding,gzip, deflate,User-Agent,node-superagent/3.8.2,Accept,application/json,Connection,close
 Body:
 -
[12/Sep/2018:14:27:15 +0000], User: -, "GET /metadata, Status: 200"
 Header:
 Host,127.0.0.1:10000,Accept-Encoding,gzip, deflate,User-Agent,node-superagent/3.8.2,Accept,application/json,Connection,close
 Body:
 {}
[12/Sep/2018:14:27:15 +0000], User: -, "GET /1/cardtypes, Status: 200"
 Header:
 Host,127.0.0.1:10000,Accept-Encoding,gzip, deflate,User-Agent,node-superagent/3.8.2,Accept,application/json,Connection,close
 Body:
 -
[12/Sep/2018:14:27:15 +0000], User: -, "GET /1/catalogs/1/2/categories/1, Status: 200"
 Header:
 Host,127.0.0.1:10000,Accept-Encoding,gzip, deflate,User-Agent,node-superagent/3.8.2,Accept,application/json,Connection,close
 Body:
 -
[18/Sep/2018:11:50:43 +0000], User: -, "GET /1/cardtypes, Status: 500"
 Header:
 Host,localhost:10000,Connection,keep-alive,Upgrade-Insecure-Requests,1,User-Agent,Mozilla/5.0 (Windows NT 10.0; Win64; x64) AppleWebKit/537.36 (KHTML, like Gecko) Chrome/69.0.3497.92 Safari/537.36,Accept,text/html,application/xhtml+xml,application/xml;q=0.9,image/webp,image/apng,*/*;q=0.8,Accept-Encoding,gzip, deflate, br,Accept-Language,en-US,en;q=0.9,ar;q=0.8,Cookie,ajs_user_id=null; ajs_group_id=null; ajs_anonymous_id=%22895d57ce-4548-4028-8f08-599d9947fa6b%22,If-None-Match,W/"6f-kKpoN1/MWqxud8jbCRqrVMt8TJ8"
 Body:
 {}
[18/Sep/2018:11:50:44 +0000], User: -, "GET /favicon.ico, Status: 500"
 Header:
 Host,localhost:10000,Connection,keep-alive,User-Agent,Mozilla/5.0 (Windows NT 10.0; Win64; x64) AppleWebKit/537.36 (KHTML, like Gecko) Chrome/69.0.3497.92 Safari/537.36,Accept,image/webp,image/apng,image/*,*/*;q=0.8,Referer,http://localhost:10000/1/cardtypes,Accept-Encoding,gzip, deflate, br,Accept-Language,en-US,en;q=0.9,ar;q=0.8,Cookie,ajs_user_id=null; ajs_group_id=null; ajs_anonymous_id=%22895d57ce-4548-4028-8f08-599d9947fa6b%22
 Body:
 {}
[18/Sep/2018:11:52:12 +0000], User: -, "GET /rest/v2/1/cardtypes, Status: 500"
 Header:
 Host,localhost:10000,Connection,keep-alive,Upgrade-Insecure-Requests,1,User-Agent,Mozilla/5.0 (Windows NT 10.0; Win64; x64) AppleWebKit/537.36 (KHTML, like Gecko) Chrome/69.0.3497.92 Safari/537.36,Accept,text/html,application/xhtml+xml,application/xml;q=0.9,image/webp,image/apng,*/*;q=0.8,Accept-Encoding,gzip, deflate, br,Accept-Language,en-US,en;q=0.9,ar;q=0.8,Cookie,ajs_user_id=null; ajs_group_id=null; ajs_anonymous_id=%22895d57ce-4548-4028-8f08-599d9947fa6b%22
 Body:
 {}
[18/Sep/2018:11:52:12 +0000], User: -, "GET /favicon.ico, Status: 500"
 Header:
 Host,localhost:10000,Connection,keep-alive,User-Agent,Mozilla/5.0 (Windows NT 10.0; Win64; x64) AppleWebKit/537.36 (KHTML, like Gecko) Chrome/69.0.3497.92 Safari/537.36,Accept,image/webp,image/apng,image/*,*/*;q=0.8,Referer,http://localhost:10000/rest/v2/1/cardtypes,Accept-Encoding,gzip, deflate, br,Accept-Language,en-US,en;q=0.9,ar;q=0.8,Cookie,ajs_user_id=null; ajs_group_id=null; ajs_anonymous_id=%22895d57ce-4548-4028-8f08-599d9947fa6b%22
 Body:
 {}
[18/Sep/2018:11:54:17 +0000], User: -, "GET /1/cardtypes, Status: 500"
 Header:
 Host,localhost:10000,Connection,keep-alive,Upgrade-Insecure-Requests,1,User-Agent,Mozilla/5.0 (Windows NT 10.0; Win64; x64) AppleWebKit/537.36 (KHTML, like Gecko) Chrome/69.0.3497.92 Safari/537.36,Accept,text/html,application/xhtml+xml,application/xml;q=0.9,image/webp,image/apng,*/*;q=0.8,Accept-Encoding,gzip, deflate, br,Accept-Language,en-US,en;q=0.9,ar;q=0.8,Cookie,ajs_user_id=null; ajs_group_id=null; ajs_anonymous_id=%22895d57ce-4548-4028-8f08-599d9947fa6b%22
 Body:
 {}
[18/Sep/2018:11:54:17 +0000], User: -, "GET /favicon.ico, Status: 500"
 Header:
 Host,localhost:10000,Connection,keep-alive,User-Agent,Mozilla/5.0 (Windows NT 10.0; Win64; x64) AppleWebKit/537.36 (KHTML, like Gecko) Chrome/69.0.3497.92 Safari/537.36,Accept,image/webp,image/apng,image/*,*/*;q=0.8,Referer,http://localhost:10000/1/cardtypes,Accept-Encoding,gzip, deflate, br,Accept-Language,en-US,en;q=0.9,ar;q=0.8,Cookie,ajs_user_id=null; ajs_group_id=null; ajs_anonymous_id=%22895d57ce-4548-4028-8f08-599d9947fa6b%22
 Body:
 {}
[18/Sep/2018:11:54:25 +0000], User: -, "GET /1/cardtypes, Status: 500"
 Header:
 Host,localhost:10000,Connection,keep-alive,Cache-Control,max-age=0,Upgrade-Insecure-Requests,1,User-Agent,Mozilla/5.0 (Windows NT 10.0; Win64; x64) AppleWebKit/537.36 (KHTML, like Gecko) Chrome/69.0.3497.92 Safari/537.36,Accept,text/html,application/xhtml+xml,application/xml;q=0.9,image/webp,image/apng,*/*;q=0.8,Accept-Encoding,gzip, deflate, br,Accept-Language,en-US,en;q=0.9,ar;q=0.8,Cookie,ajs_user_id=null; ajs_group_id=null; ajs_anonymous_id=%22895d57ce-4548-4028-8f08-599d9947fa6b%22
 Body:
 {}
[18/Sep/2018:11:54:25 +0000], User: -, "GET /favicon.ico, Status: 500"
 Header:
 Host,localhost:10000,Connection,keep-alive,User-Agent,Mozilla/5.0 (Windows NT 10.0; Win64; x64) AppleWebKit/537.36 (KHTML, like Gecko) Chrome/69.0.3497.92 Safari/537.36,Accept,image/webp,image/apng,image/*,*/*;q=0.8,Referer,http://localhost:10000/1/cardtypes,Accept-Encoding,gzip, deflate, br,Accept-Language,en-US,en;q=0.9,ar;q=0.8,Cookie,ajs_user_id=null; ajs_group_id=null; ajs_anonymous_id=%22895d57ce-4548-4028-8f08-599d9947fa6b%22
 Body:
 {}
[18/Sep/2018:11:55:00 +0000], User: -, "GET /1/cardtypes, Status: 500"
 Header:
 Host,localhost:10000,Connection,keep-alive,Cache-Control,max-age=0,Upgrade-Insecure-Requests,1,User-Agent,Mozilla/5.0 (Windows NT 10.0; Win64; x64) AppleWebKit/537.36 (KHTML, like Gecko) Chrome/69.0.3497.92 Safari/537.36,Accept,text/html,application/xhtml+xml,application/xml;q=0.9,image/webp,image/apng,*/*;q=0.8,Accept-Encoding,gzip, deflate, br,Accept-Language,en-US,en;q=0.9,ar;q=0.8,Cookie,ajs_user_id=null; ajs_group_id=null; ajs_anonymous_id=%22895d57ce-4548-4028-8f08-599d9947fa6b%22
 Body:
 {}
[18/Sep/2018:11:55:01 +0000], User: -, "GET /favicon.ico, Status: 500"
 Header:
 Host,localhost:10000,Connection,keep-alive,User-Agent,Mozilla/5.0 (Windows NT 10.0; Win64; x64) AppleWebKit/537.36 (KHTML, like Gecko) Chrome/69.0.3497.92 Safari/537.36,Accept,image/webp,image/apng,image/*,*/*;q=0.8,Referer,http://localhost:10000/1/cardtypes,Accept-Encoding,gzip, deflate, br,Accept-Language,en-US,en;q=0.9,ar;q=0.8,Cookie,ajs_user_id=null; ajs_group_id=null; ajs_anonymous_id=%22895d57ce-4548-4028-8f08-599d9947fa6b%22
 Body:
 {}
[18/Sep/2018:11:55:03 +0000], User: -, "GET /1/cardtypes, Status: 500"
 Header:
 Host,localhost:10000,Connection,keep-alive,Cache-Control,max-age=0,Upgrade-Insecure-Requests,1,User-Agent,Mozilla/5.0 (Windows NT 10.0; Win64; x64) AppleWebKit/537.36 (KHTML, like Gecko) Chrome/69.0.3497.92 Safari/537.36,Accept,text/html,application/xhtml+xml,application/xml;q=0.9,image/webp,image/apng,*/*;q=0.8,Accept-Encoding,gzip, deflate, br,Accept-Language,en-US,en;q=0.9,ar;q=0.8,Cookie,ajs_user_id=null; ajs_group_id=null; ajs_anonymous_id=%22895d57ce-4548-4028-8f08-599d9947fa6b%22
 Body:
 {}
[18/Sep/2018:11:55:03 +0000], User: -, "GET /favicon.ico, Status: 500"
 Header:
 Host,localhost:10000,Connection,keep-alive,User-Agent,Mozilla/5.0 (Windows NT 10.0; Win64; x64) AppleWebKit/537.36 (KHTML, like Gecko) Chrome/69.0.3497.92 Safari/537.36,Accept,image/webp,image/apng,image/*,*/*;q=0.8,Referer,http://localhost:10000/1/cardtypes,Accept-Encoding,gzip, deflate, br,Accept-Language,en-US,en;q=0.9,ar;q=0.8,Cookie,ajs_user_id=null; ajs_group_id=null; ajs_anonymous_id=%22895d57ce-4548-4028-8f08-599d9947fa6b%22
 Body:
 {}
[18/Sep/2018:11:58:03 +0000], User: -, "GET /1/cardtypes, Status: 500"
 Header:
 Host,localhost:10000,Connection,keep-alive,Cache-Control,max-age=0,Upgrade-Insecure-Requests,1,User-Agent,Mozilla/5.0 (Windows NT 10.0; Win64; x64) AppleWebKit/537.36 (KHTML, like Gecko) Chrome/69.0.3497.92 Safari/537.36,Accept,text/html,application/xhtml+xml,application/xml;q=0.9,image/webp,image/apng,*/*;q=0.8,Accept-Encoding,gzip, deflate, br,Accept-Language,en-US,en;q=0.9,ar;q=0.8,Cookie,ajs_user_id=null; ajs_group_id=null; ajs_anonymous_id=%22895d57ce-4548-4028-8f08-599d9947fa6b%22
 Body:
 {}
[18/Sep/2018:11:58:04 +0000], User: -, "GET /favicon.ico, Status: 500"
 Header:
 Host,localhost:10000,Connection,keep-alive,User-Agent,Mozilla/5.0 (Windows NT 10.0; Win64; x64) AppleWebKit/537.36 (KHTML, like Gecko) Chrome/69.0.3497.92 Safari/537.36,Accept,image/webp,image/apng,image/*,*/*;q=0.8,Referer,http://localhost:10000/1/cardtypes,Accept-Encoding,gzip, deflate, br,Accept-Language,en-US,en;q=0.9,ar;q=0.8,Cookie,ajs_user_id=null; ajs_group_id=null; ajs_anonymous_id=%22895d57ce-4548-4028-8f08-599d9947fa6b%22
 Body:
 {}
[18/Sep/2018:12:46:44 +0000], User: -, "GET /1/cardtypes, Status: 500"
 Header:
 Host,localhost:10002,Connection,keep-alive,Upgrade-Insecure-Requests,1,User-Agent,Mozilla/5.0 (Windows NT 10.0; Win64; x64) AppleWebKit/537.36 (KHTML, like Gecko) Chrome/69.0.3497.92 Safari/537.36,Accept,text/html,application/xhtml+xml,application/xml;q=0.9,image/webp,image/apng,*/*;q=0.8,Accept-Encoding,gzip, deflate, br,Accept-Language,en-US,en;q=0.9,ar;q=0.8,Cookie,ajs_user_id=null; ajs_group_id=null; ajs_anonymous_id=%22895d57ce-4548-4028-8f08-599d9947fa6b%22
 Body:
 {}
[18/Sep/2018:12:46:44 +0000], User: -, "GET /favicon.ico, Status: 500"
 Header:
 Host,localhost:10002,Connection,keep-alive,User-Agent,Mozilla/5.0 (Windows NT 10.0; Win64; x64) AppleWebKit/537.36 (KHTML, like Gecko) Chrome/69.0.3497.92 Safari/537.36,Accept,image/webp,image/apng,image/*,*/*;q=0.8,Referer,http://localhost:10002/1/cardtypes,Accept-Encoding,gzip, deflate, br,Accept-Language,en-US,en;q=0.9,ar;q=0.8,Cookie,ajs_user_id=null; ajs_group_id=null; ajs_anonymous_id=%22895d57ce-4548-4028-8f08-599d9947fa6b%22
 Body:
 {}
[18/Sep/2018:12:52:21 +0000], User: -, "GET /1/cardtypes, Status: 200"
 Header:
 Host,localhost:10002,Connection,keep-alive,Cache-Control,max-age=0,Upgrade-Insecure-Requests,1,User-Agent,Mozilla/5.0 (Windows NT 10.0; Win64; x64) AppleWebKit/537.36 (KHTML, like Gecko) Chrome/69.0.3497.92 Safari/537.36,Accept,text/html,application/xhtml+xml,application/xml;q=0.9,image/webp,image/apng,*/*;q=0.8,Accept-Encoding,gzip, deflate, br,Accept-Language,en-US,en;q=0.9,ar;q=0.8,Cookie,ajs_user_id=null; ajs_group_id=null; ajs_anonymous_id=%22895d57ce-4548-4028-8f08-599d9947fa6b%22
 Body:
 -
[18/Sep/2018:12:52:21 +0000], User: -, "GET /favicon.ico, Status: 404"
 Header:
 Host,localhost:10002,Connection,keep-alive,User-Agent,Mozilla/5.0 (Windows NT 10.0; Win64; x64) AppleWebKit/537.36 (KHTML, like Gecko) Chrome/69.0.3497.92 Safari/537.36,Accept,image/webp,image/apng,image/*,*/*;q=0.8,Referer,http://localhost:10002/1/cardtypes,Accept-Encoding,gzip, deflate, br,Accept-Language,en-US,en;q=0.9,ar;q=0.8,Cookie,ajs_user_id=null; ajs_group_id=null; ajs_anonymous_id=%22895d57ce-4548-4028-8f08-599d9947fa6b%22
 Body:
 {}
[18/Sep/2018:12:55:24 +0000], User: -, "GET /1/cardtypes, Status: 304"
 Header:
 Host,localhost:10002,Connection,keep-alive,Cache-Control,max-age=0,Upgrade-Insecure-Requests,1,User-Agent,Mozilla/5.0 (Windows NT 10.0; Win64; x64) AppleWebKit/537.36 (KHTML, like Gecko) Chrome/69.0.3497.92 Safari/537.36,Accept,text/html,application/xhtml+xml,application/xml;q=0.9,image/webp,image/apng,*/*;q=0.8,Accept-Encoding,gzip, deflate, br,Accept-Language,en-US,en;q=0.9,ar;q=0.8,Cookie,ajs_user_id=null; ajs_group_id=null; ajs_anonymous_id=%22895d57ce-4548-4028-8f08-599d9947fa6b%22,If-None-Match,W/"6f-kKpoN1/MWqxud8jbCRqrVMt8TJ8"
 Body:
 -
[18/Sep/2018:12:56:29 +0000], User: -, "GET /1/cardtypes, Status: 404"
 Header:
 Host,localhost:10002,Connection,keep-alive,Cache-Control,max-age=0,Upgrade-Insecure-Requests,1,User-Agent,Mozilla/5.0 (Windows NT 10.0; Win64; x64) AppleWebKit/537.36 (KHTML, like Gecko) Chrome/69.0.3497.92 Safari/537.36,Accept,text/html,application/xhtml+xml,application/xml;q=0.9,image/webp,image/apng,*/*;q=0.8,Accept-Encoding,gzip, deflate, br,Accept-Language,en-US,en;q=0.9,ar;q=0.8,Cookie,ajs_user_id=null; ajs_group_id=null; ajs_anonymous_id=%22895d57ce-4548-4028-8f08-599d9947fa6b%22,If-None-Match,W/"6f-kKpoN1/MWqxud8jbCRqrVMt8TJ8"
 Body:
 {}
[18/Sep/2018:12:56:42 +0000], User: -, "GET /rest/v2/1/cardtypes, Status: 200"
 Header:
 Host,localhost:10002,Connection,keep-alive,Upgrade-Insecure-Requests,1,User-Agent,Mozilla/5.0 (Windows NT 10.0; Win64; x64) AppleWebKit/537.36 (KHTML, like Gecko) Chrome/69.0.3497.92 Safari/537.36,Accept,text/html,application/xhtml+xml,application/xml;q=0.9,image/webp,image/apng,*/*;q=0.8,Accept-Encoding,gzip, deflate, br,Accept-Language,en-US,en;q=0.9,ar;q=0.8,Cookie,ajs_user_id=null; ajs_group_id=null; ajs_anonymous_id=%22895d57ce-4548-4028-8f08-599d9947fa6b%22
 Body:
 -
[18/Sep/2018:14:04:56 +0000], User: -, "GET /1/cardtypes, Status: 404"
 Header:
 Host,localhost:10000,Connection,keep-alive,Cache-Control,max-age=0,Upgrade-Insecure-Requests,1,User-Agent,Mozilla/5.0 (Windows NT 10.0; Win64; x64) AppleWebKit/537.36 (KHTML, like Gecko) Chrome/69.0.3497.92 Safari/537.36,Accept,text/html,application/xhtml+xml,application/xml;q=0.9,image/webp,image/apng,*/*;q=0.8,Accept-Encoding,gzip, deflate, br,Accept-Language,en-US,en;q=0.9,ar;q=0.8,Cookie,ajs_user_id=null; ajs_group_id=null; ajs_anonymous_id=%22895d57ce-4548-4028-8f08-599d9947fa6b%22,If-None-Match,W/"6f-kKpoN1/MWqxud8jbCRqrVMt8TJ8"
 Body:
 -
[18/Sep/2018:14:05:12 +0000], User: -, "GET /rest/v2/1/cardtypes, Status: 200"
 Header:
 Host,localhost:10000,Connection,keep-alive,Upgrade-Insecure-Requests,1,User-Agent,Mozilla/5.0 (Windows NT 10.0; Win64; x64) AppleWebKit/537.36 (KHTML, like Gecko) Chrome/69.0.3497.92 Safari/537.36,Accept,text/html,application/xhtml+xml,application/xml;q=0.9,image/webp,image/apng,*/*;q=0.8,Accept-Encoding,gzip, deflate, br,Accept-Language,en-US,en;q=0.9,ar;q=0.8,Cookie,ajs_user_id=null; ajs_group_id=null; ajs_anonymous_id=%22895d57ce-4548-4028-8f08-599d9947fa6b%22
 Body:
 -
[18/Sep/2018:14:06:17 +0000], User: -, "GET /rest/v2/1/catalogs, Status: 404"
 Header:
 Host,localhost:10000,Connection,keep-alive,Upgrade-Insecure-Requests,1,User-Agent,Mozilla/5.0 (Windows NT 10.0; Win64; x64) AppleWebKit/537.36 (KHTML, like Gecko) Chrome/69.0.3497.92 Safari/537.36,Accept,text/html,application/xhtml+xml,application/xml;q=0.9,image/webp,image/apng,*/*;q=0.8,Accept-Encoding,gzip, deflate, br,Accept-Language,en-US,en;q=0.9,ar;q=0.8,Cookie,ajs_user_id=null; ajs_group_id=null; ajs_anonymous_id=%22895d57ce-4548-4028-8f08-599d9947fa6b%22
 Body:
 -
[18/Sep/2018:14:06:31 +0000], User: -, "GET /rest/v2/1/catalogs, Status: 404"
 Header:
 Host,localhost:10000,Connection,keep-alive,Cache-Control,max-age=0,Upgrade-Insecure-Requests,1,User-Agent,Mozilla/5.0 (Windows NT 10.0; Win64; x64) AppleWebKit/537.36 (KHTML, like Gecko) Chrome/69.0.3497.92 Safari/537.36,Accept,text/html,application/xhtml+xml,application/xml;q=0.9,image/webp,image/apng,*/*;q=0.8,Accept-Encoding,gzip, deflate, br,Accept-Language,en-US,en;q=0.9,ar;q=0.8,Cookie,ajs_user_id=null; ajs_group_id=null; ajs_anonymous_id=%22895d57ce-4548-4028-8f08-599d9947fa6b%22
 Body:
 -
[18/Sep/2018:14:10:16 +0000], User: -, "GET /rest/v2/1/catalogs, Status: 404"
 Header:
 Host,localhost:10000,Connection,keep-alive,Cache-Control,max-age=0,Upgrade-Insecure-Requests,1,User-Agent,Mozilla/5.0 (Windows NT 10.0; Win64; x64) AppleWebKit/537.36 (KHTML, like Gecko) Chrome/69.0.3497.92 Safari/537.36,Accept,text/html,application/xhtml+xml,application/xml;q=0.9,image/webp,image/apng,*/*;q=0.8,Accept-Encoding,gzip, deflate, br,Accept-Language,en-US,en;q=0.9,ar;q=0.8,Cookie,ajs_user_id=null; ajs_group_id=null; ajs_anonymous_id=%22895d57ce-4548-4028-8f08-599d9947fa6b%22
 Body:
 -
[18/Sep/2018:14:10:19 +0000], User: -, "GET /rest/v2/1/catalogs, Status: 404"
 Header:
 Host,localhost:10000,Connection,keep-alive,Cache-Control,max-age=0,Upgrade-Insecure-Requests,1,User-Agent,Mozilla/5.0 (Windows NT 10.0; Win64; x64) AppleWebKit/537.36 (KHTML, like Gecko) Chrome/69.0.3497.92 Safari/537.36,Accept,text/html,application/xhtml+xml,application/xml;q=0.9,image/webp,image/apng,*/*;q=0.8,Accept-Encoding,gzip, deflate, br,Accept-Language,en-US,en;q=0.9,ar;q=0.8,Cookie,ajs_user_id=null; ajs_group_id=null; ajs_anonymous_id=%22895d57ce-4548-4028-8f08-599d9947fa6b%22
 Body:
 -
[18/Sep/2018:14:52:25 +0000], User: -, "GET /rest/v2/1/catalogs/11/12/categories/21, Status: 404"
 Header:
 Host,localhost:10000,Connection,keep-alive,Cache-Control,max-age=0,Upgrade-Insecure-Requests,1,User-Agent,Mozilla/5.0 (Windows NT 10.0; Win64; x64) AppleWebKit/537.36 (KHTML, like Gecko) Chrome/69.0.3497.92 Safari/537.36,Accept,text/html,application/xhtml+xml,application/xml;q=0.9,image/webp,image/apng,*/*;q=0.8,Accept-Encoding,gzip, deflate, br,Accept-Language,en-US,en;q=0.9,ar;q=0.8,Cookie,ajs_user_id=null; ajs_group_id=null; ajs_anonymous_id=%22895d57ce-4548-4028-8f08-599d9947fa6b%22
 Body:
 -
[18/Sep/2018:14:55:10 +0000], User: -, "GET /rest/v2/1/catalogs/11/12/categories/21, Status: 200"
 Header:
 Host,localhost:10000,Connection,keep-alive,Cache-Control,max-age=0,Upgrade-Insecure-Requests,1,User-Agent,Mozilla/5.0 (Windows NT 10.0; Win64; x64) AppleWebKit/537.36 (KHTML, like Gecko) Chrome/69.0.3497.92 Safari/537.36,Accept,text/html,application/xhtml+xml,application/xml;q=0.9,image/webp,image/apng,*/*;q=0.8,Accept-Encoding,gzip, deflate, br,Accept-Language,en-US,en;q=0.9,ar;q=0.8,Cookie,ajs_user_id=null; ajs_group_id=null; ajs_anonymous_id=%22895d57ce-4548-4028-8f08-599d9947fa6b%22
 Body:
 -
[18/Sep/2018:14:56:05 +0000], User: -, "GET /rest/v2/1/catalogs, Status: 404"
 Header:
 Host,localhost:10000,Connection,keep-alive,Upgrade-Insecure-Requests,1,User-Agent,Mozilla/5.0 (Windows NT 10.0; Win64; x64) AppleWebKit/537.36 (KHTML, like Gecko) Chrome/69.0.3497.92 Safari/537.36,Accept,text/html,application/xhtml+xml,application/xml;q=0.9,image/webp,image/apng,*/*;q=0.8,Accept-Encoding,gzip, deflate, br,Accept-Language,en-US,en;q=0.9,ar;q=0.8,Cookie,ajs_user_id=null; ajs_group_id=null; ajs_anonymous_id=%22895d57ce-4548-4028-8f08-599d9947fa6b%22
 Body:
 -
[18/Sep/2018:15:01:45 +0000], User: -, "GET /rest/v2/1/languages, Status: 404"
 Header:
 Host,localhost:10000,Connection,keep-alive,Upgrade-Insecure-Requests,1,User-Agent,Mozilla/5.0 (Windows NT 10.0; Win64; x64) AppleWebKit/537.36 (KHTML, like Gecko) Chrome/69.0.3497.92 Safari/537.36,Accept,text/html,application/xhtml+xml,application/xml;q=0.9,image/webp,image/apng,*/*;q=0.8,Accept-Encoding,gzip, deflate, br,Accept-Language,en-US,en;q=0.9,ar;q=0.8,Cookie,ajs_user_id=null; ajs_group_id=null; ajs_anonymous_id=%22895d57ce-4548-4028-8f08-599d9947fa6b%22
 Body:
 -
[18/Sep/2018:15:01:55 +0000], User: -, "GET /rest/v2/1/languages, Status: 200"
 Header:
 Host,localhost:10000,Connection,keep-alive,Cache-Control,max-age=0,Upgrade-Insecure-Requests,1,User-Agent,Mozilla/5.0 (Windows NT 10.0; Win64; x64) AppleWebKit/537.36 (KHTML, like Gecko) Chrome/69.0.3497.92 Safari/537.36,Accept,text/html,application/xhtml+xml,application/xml;q=0.9,image/webp,image/apng,*/*;q=0.8,Accept-Encoding,gzip, deflate, br,Accept-Language,en-US,en;q=0.9,ar;q=0.8,Cookie,ajs_user_id=null; ajs_group_id=null; ajs_anonymous_id=%22895d57ce-4548-4028-8f08-599d9947fa6b%22
 Body:
 -
[18/Sep/2018:15:03:04 +0000], User: -, "GET /rest/v2/1/languages, Status: 304"
 Header:
 Host,localhost:10000,Connection,keep-alive,Cache-Control,max-age=0,Upgrade-Insecure-Requests,1,User-Agent,Mozilla/5.0 (Windows NT 10.0; Win64; x64) AppleWebKit/537.36 (KHTML, like Gecko) Chrome/69.0.3497.92 Safari/537.36,Accept,text/html,application/xhtml+xml,application/xml;q=0.9,image/webp,image/apng,*/*;q=0.8,Accept-Encoding,gzip, deflate, br,Accept-Language,en-US,en;q=0.9,ar;q=0.8,Cookie,ajs_user_id=null; ajs_group_id=null; ajs_anonymous_id=%22895d57ce-4548-4028-8f08-599d9947fa6b%22,If-None-Match,W/"9c-GIXinDEEb8mx3Hxq0VZqeKgEv50"
 Body:
 -
[18/Sep/2018:15:03:08 +0000], User: -, "GET /rest/v2/1/cardtypes, Status: 304"
 Header:
 Host,localhost:10000,Connection,keep-alive,Upgrade-Insecure-Requests,1,User-Agent,Mozilla/5.0 (Windows NT 10.0; Win64; x64) AppleWebKit/537.36 (KHTML, like Gecko) Chrome/69.0.3497.92 Safari/537.36,Accept,text/html,application/xhtml+xml,application/xml;q=0.9,image/webp,image/apng,*/*;q=0.8,Accept-Encoding,gzip, deflate, br,Accept-Language,en-US,en;q=0.9,ar;q=0.8,Cookie,ajs_user_id=null; ajs_group_id=null; ajs_anonymous_id=%22895d57ce-4548-4028-8f08-599d9947fa6b%22,If-None-Match,W/"4f-KUEezDkicsooH055k6g6gr6rhxA"
 Body:
 -
[18/Sep/2018:15:03:16 +0000], User: -, "GET /rest/v2/1/catalogs/11/12/categories/21, Status: 304"
 Header:
 Host,localhost:10000,Connection,keep-alive,Upgrade-Insecure-Requests,1,User-Agent,Mozilla/5.0 (Windows NT 10.0; Win64; x64) AppleWebKit/537.36 (KHTML, like Gecko) Chrome/69.0.3497.92 Safari/537.36,Accept,text/html,application/xhtml+xml,application/xml;q=0.9,image/webp,image/apng,*/*;q=0.8,Accept-Encoding,gzip, deflate, br,Accept-Language,en-US,en;q=0.9,ar;q=0.8,Cookie,ajs_user_id=null; ajs_group_id=null; ajs_anonymous_id=%22895d57ce-4548-4028-8f08-599d9947fa6b%22,If-None-Match,W/"75-lpWM7R+//0jQpavBeAKqKILBOAg"
 Body:
 -
[18/Sep/2018:15:03:38 +0000], User: -, "GET /rest/v2//authorizationserver/oauth/token, Status: 404"
 Header:
 Host,localhost:10000,Connection,keep-alive,Upgrade-Insecure-Requests,1,User-Agent,Mozilla/5.0 (Windows NT 10.0; Win64; x64) AppleWebKit/537.36 (KHTML, like Gecko) Chrome/69.0.3497.92 Safari/537.36,Accept,text/html,application/xhtml+xml,application/xml;q=0.9,image/webp,image/apng,*/*;q=0.8,Accept-Encoding,gzip, deflate, br,Accept-Language,en-US,en;q=0.9,ar;q=0.8,Cookie,ajs_user_id=null; ajs_group_id=null; ajs_anonymous_id=%22895d57ce-4548-4028-8f08-599d9947fa6b%22
 Body:
 -
[18/Sep/2018:15:03:42 +0000], User: -, "GET /rest/v2/authorizationserver/oauth/token, Status: 405"
 Header:
 Host,localhost:10000,Connection,keep-alive,Upgrade-Insecure-Requests,1,User-Agent,Mozilla/5.0 (Windows NT 10.0; Win64; x64) AppleWebKit/537.36 (KHTML, like Gecko) Chrome/69.0.3497.92 Safari/537.36,Accept,text/html,application/xhtml+xml,application/xml;q=0.9,image/webp,image/apng,*/*;q=0.8,Accept-Encoding,gzip, deflate, br,Accept-Language,en-US,en;q=0.9,ar;q=0.8,Cookie,ajs_user_id=null; ajs_group_id=null; ajs_anonymous_id=%22895d57ce-4548-4028-8f08-599d9947fa6b%22
 Body:
 -
[18/Sep/2018:15:06:28 +0000], User: -, "OPTIONS /rest/v2/odata/authorizationserver/oauth/token, Status: 200"
 Header:
 Host,localhost:10000,Connection,keep-alive,Access-Control-Request-Method,POST,Origin,http://127.0.0.1:63164,User-Agent,Mozilla/5.0 (Windows NT 10.0; Win64; x64) AppleWebKit/537.36 (KHTML, like Gecko) Chrome/69.0.3497.92 Safari/537.36,Access-Control-Request-Headers,content-type,Accept,*/*,Accept-Encoding,gzip, deflate, br,Accept-Language,en-US,en;q=0.9,ar;q=0.8
 Body:
 -
[18/Sep/2018:15:06:28 +0000], User: -, "POST /rest/v2/odata/authorizationserver/oauth/token, Status: 404"
 Header:
 Host,localhost:10000,Connection,keep-alive,Content-Length,2,Accept,application/xml,Origin,http://127.0.0.1:63164,Accept-Language,en-US,en;q=0.8,fa;q=0.6,sv;q=0.4,User-Agent,Mozilla/5.0 (Windows NT 10.0; Win64; x64) AppleWebKit/537.36 (KHTML, like Gecko) Chrome/69.0.3497.92 Safari/537.36,Content-Type,application/json,Referer,http://127.0.0.1:63164/,Accept-Encoding,gzip, deflate, br
 Body:
 -
[18/Sep/2018:15:10:53 +0000], User: -, "OPTIONS /rest/v2/odata/authorizationserver/oauth/token, Status: 200"
 Header:
 Host,localhost:10000,Connection,keep-alive,Access-Control-Request-Method,POST,Origin,http://127.0.0.1:63164,User-Agent,Mozilla/5.0 (Windows NT 10.0; Win64; x64) AppleWebKit/537.36 (KHTML, like Gecko) Chrome/69.0.3497.92 Safari/537.36,Access-Control-Request-Headers,content-type,Accept,*/*,Accept-Encoding,gzip, deflate, br,Accept-Language,en-US,en;q=0.9,ar;q=0.8
 Body:
 -
[18/Sep/2018:15:10:53 +0000], User: -, "POST /rest/v2/odata/authorizationserver/oauth/token, Status: 404"
 Header:
 Host,localhost:10000,Connection,keep-alive,Content-Length,67,Accept,application/xml,Origin,http://127.0.0.1:63164,Accept-Language,en-US,en;q=0.8,fa;q=0.6,sv;q=0.4,User-Agent,Mozilla/5.0 (Windows NT 10.0; Win64; x64) AppleWebKit/537.36 (KHTML, like Gecko) Chrome/69.0.3497.92 Safari/537.36,Content-Type,application/json,Referer,http://127.0.0.1:63164/,Accept-Encoding,gzip, deflate, br
 Body:
 {"client_id":"2","client_secret":"3","grant_type":"4"}
[18/Sep/2018:15:11:27 +0000], User: -, "POST /rest/v2/odata/authorizationserver/oauth/token, Status: 404"
 Header:
 Host,localhost:10000,Connection,keep-alive,Content-Length,15,Accept,application/xml,Origin,http://127.0.0.1:63164,Accept-Language,en-US,en;q=0.8,fa;q=0.6,sv;q=0.4,User-Agent,Mozilla/5.0 (Windows NT 10.0; Win64; x64) AppleWebKit/537.36 (KHTML, like Gecko) Chrome/69.0.3497.92 Safari/537.36,Content-Type,application/x-www-form-urlencoded; charset=UTF-8,Referer,http://127.0.0.1:63164/,Accept-Encoding,gzip, deflate, br
 Body:
 {"object Object":""}
[15/Oct/2018:14:54:13 +0000], User: -, "GET /courses, Status: 404"
 Header:
 Host,localhost:10000,Connection,keep-alive,Upgrade-Insecure-Requests,1,User-Agent,Mozilla/5.0 (Windows NT 10.0; Win64; x64) AppleWebKit/537.36 (KHTML, like Gecko) Chrome/69.0.3497.100 Safari/537.36,Accept,text/html,application/xhtml+xml,application/xml;q=0.9,image/webp,image/apng,*/*;q=0.8,Accept-Encoding,gzip, deflate, br,Accept-Language,en-US,en;q=0.9,ar;q=0.8,Cookie,ajs_user_id=null; ajs_group_id=null; ajs_anonymous_id=%22895d57ce-4548-4028-8f08-599d9947fa6b%22
 Body:
 -
[15/Oct/2018:14:54:13 +0000], User: -, "GET /favicon.ico, Status: 404"
 Header:
 Host,localhost:10000,Connection,keep-alive,User-Agent,Mozilla/5.0 (Windows NT 10.0; Win64; x64) AppleWebKit/537.36 (KHTML, like Gecko) Chrome/69.0.3497.100 Safari/537.36,Accept,image/webp,image/apng,image/*,*/*;q=0.8,Referer,http://localhost:10000/courses,Accept-Encoding,gzip, deflate, br,Accept-Language,en-US,en;q=0.9,ar;q=0.8,Cookie,ajs_user_id=null; ajs_group_id=null; ajs_anonymous_id=%22895d57ce-4548-4028-8f08-599d9947fa6b%22
 Body:
 -
[15/Oct/2018:14:55:37 +0000], User: -, "GET /courses, Status: 404"
 Header:
 Host,localhost:10000,Connection,keep-alive,Cache-Control,max-age=0,Upgrade-Insecure-Requests,1,User-Agent,Mozilla/5.0 (Windows NT 10.0; Win64; x64) AppleWebKit/537.36 (KHTML, like Gecko) Chrome/69.0.3497.100 Safari/537.36,Accept,text/html,application/xhtml+xml,application/xml;q=0.9,image/webp,image/apng,*/*;q=0.8,Accept-Encoding,gzip, deflate, br,Accept-Language,en-US,en;q=0.9,ar;q=0.8,Cookie,ajs_user_id=null; ajs_group_id=null; ajs_anonymous_id=%22895d57ce-4548-4028-8f08-599d9947fa6b%22
 Body:
 -
[15/Oct/2018:14:55:51 +0000], User: -, "GET /entity/courses, Status: 200"
 Header:
 Host,localhost:10000,Connection,keep-alive,Upgrade-Insecure-Requests,1,User-Agent,Mozilla/5.0 (Windows NT 10.0; Win64; x64) AppleWebKit/537.36 (KHTML, like Gecko) Chrome/69.0.3497.100 Safari/537.36,Accept,text/html,application/xhtml+xml,application/xml;q=0.9,image/webp,image/apng,*/*;q=0.8,Accept-Encoding,gzip, deflate, br,Accept-Language,en-US,en;q=0.9,ar;q=0.8,Cookie,ajs_user_id=null; ajs_group_id=null; ajs_anonymous_id=%22895d57ce-4548-4028-8f08-599d9947fa6b%22
 Body:
 -
[15/Oct/2018:14:56:31 +0000], User: -, "GET /entity/courses, Status: 304"
 Header:
 Host,localhost:10000,Connection,keep-alive,Cache-Control,max-age=0,Upgrade-Insecure-Requests,1,User-Agent,Mozilla/5.0 (Windows NT 10.0; Win64; x64) AppleWebKit/537.36 (KHTML, like Gecko) Chrome/69.0.3497.100 Safari/537.36,Accept,text/html,application/xhtml+xml,application/xml;q=0.9,image/webp,image/apng,*/*;q=0.8,Accept-Encoding,gzip, deflate, br,Accept-Language,en-US,en;q=0.9,ar;q=0.8,Cookie,ajs_user_id=null; ajs_group_id=null; ajs_anonymous_id=%22895d57ce-4548-4028-8f08-599d9947fa6b%22,If-None-Match,W/"57-7YDQMHMVkv8/eN3/MJB8XunZtZs"
 Body:
 -
[15/Oct/2018:15:01:10 +0000], User: -, "GET /entity/courses, Status: -"
 Header:
 Host,localhost:10000,Connection,keep-alive,Cache-Control,max-age=0,Upgrade-Insecure-Requests,1,User-Agent,Mozilla/5.0 (Windows NT 10.0; Win64; x64) AppleWebKit/537.36 (KHTML, like Gecko) Chrome/69.0.3497.100 Safari/537.36,Accept,text/html,application/xhtml+xml,application/xml;q=0.9,image/webp,image/apng,*/*;q=0.8,Accept-Encoding,gzip, deflate, br,Accept-Language,en-US,en;q=0.9,ar;q=0.8,Cookie,ajs_user_id=null; ajs_group_id=null; ajs_anonymous_id=%22895d57ce-4548-4028-8f08-599d9947fa6b%22,If-None-Match,W/"57-7YDQMHMVkv8/eN3/MJB8XunZtZs"
 Body:
 -
[15/Oct/2018:15:03:40 +0000], User: -, "GET /entity/courses, Status: -"
 Header:
 Host,localhost:10000,Connection,keep-alive,Cache-Control,max-age=0,Upgrade-Insecure-Requests,1,User-Agent,Mozilla/5.0 (Windows NT 10.0; Win64; x64) AppleWebKit/537.36 (KHTML, like Gecko) Chrome/69.0.3497.100 Safari/537.36,Accept,text/html,application/xhtml+xml,application/xml;q=0.9,image/webp,image/apng,*/*;q=0.8,Accept-Encoding,gzip, deflate, br,Accept-Language,en-US,en;q=0.9,ar;q=0.8,Cookie,ajs_user_id=null; ajs_group_id=null; ajs_anonymous_id=%22895d57ce-4548-4028-8f08-599d9947fa6b%22,If-None-Match,W/"57-7YDQMHMVkv8/eN3/MJB8XunZtZs"
 Body:
 -
[15/Oct/2018:15:05:44 +0000], User: -, "GET /entity/courses, Status: 304"
 Header:
 Host,localhost:10000,Connection,keep-alive,Cache-Control,max-age=0,Upgrade-Insecure-Requests,1,User-Agent,Mozilla/5.0 (Windows NT 10.0; Win64; x64) AppleWebKit/537.36 (KHTML, like Gecko) Chrome/69.0.3497.100 Safari/537.36,Accept,text/html,application/xhtml+xml,application/xml;q=0.9,image/webp,image/apng,*/*;q=0.8,Accept-Encoding,gzip, deflate, br,Accept-Language,en-US,en;q=0.9,ar;q=0.8,Cookie,ajs_user_id=null; ajs_group_id=null; ajs_anonymous_id=%22895d57ce-4548-4028-8f08-599d9947fa6b%22,If-None-Match,W/"57-7YDQMHMVkv8/eN3/MJB8XunZtZs"
 Body:
 -
[15/Oct/2018:15:06:19 +0000], User: -, "GET /entity/courses, Status: 200"
 Header:
 Host,localhost:10000,Connection,keep-alive,Cache-Control,max-age=0,Upgrade-Insecure-Requests,1,User-Agent,Mozilla/5.0 (Windows NT 10.0; Win64; x64) AppleWebKit/537.36 (KHTML, like Gecko) Chrome/69.0.3497.100 Safari/537.36,Accept,text/html,application/xhtml+xml,application/xml;q=0.9,image/webp,image/apng,*/*;q=0.8,Accept-Encoding,gzip, deflate, br,Accept-Language,en-US,en;q=0.9,ar;q=0.8,Cookie,ajs_user_id=null; ajs_group_id=null; ajs_anonymous_id=%22895d57ce-4548-4028-8f08-599d9947fa6b%22,If-None-Match,W/"57-7YDQMHMVkv8/eN3/MJB8XunZtZs"
 Body:
 -
[15/Oct/2018:15:07:05 +0000], User: -, "GET /entity/courses, Status: 200"
 Header:
 Host,localhost:10000,Connection,keep-alive,Cache-Control,max-age=0,Upgrade-Insecure-Requests,1,User-Agent,Mozilla/5.0 (Windows NT 10.0; Win64; x64) AppleWebKit/537.36 (KHTML, like Gecko) Chrome/69.0.3497.100 Safari/537.36,Accept,text/html,application/xhtml+xml,application/xml;q=0.9,image/webp,image/apng,*/*;q=0.8,Accept-Encoding,gzip, deflate, br,Accept-Language,en-US,en;q=0.9,ar;q=0.8,Cookie,ajs_user_id=null; ajs_group_id=null; ajs_anonymous_id=%22895d57ce-4548-4028-8f08-599d9947fa6b%22,If-None-Match,W/"e-G1RewtVRc106vPf8WpZey7Ls170"
 Body:
 -
[15/Oct/2018:15:09:21 +0000], User: -, "GET /entity/courses, Status: 200"
 Header:
 Host,localhost:10000,Connection,keep-alive,Cache-Control,max-age=0,Upgrade-Insecure-Requests,1,User-Agent,Mozilla/5.0 (Windows NT 10.0; Win64; x64) AppleWebKit/537.36 (KHTML, like Gecko) Chrome/69.0.3497.100 Safari/537.36,Accept,text/html,application/xhtml+xml,application/xml;q=0.9,image/webp,image/apng,*/*;q=0.8,Accept-Encoding,gzip, deflate, br,Accept-Language,en-US,en;q=0.9,ar;q=0.8,Cookie,ajs_user_id=null; ajs_group_id=null; ajs_anonymous_id=%22895d57ce-4548-4028-8f08-599d9947fa6b%22,If-None-Match,W/"57-7YDQMHMVkv8/eN3/MJB8XunZtZs"
 Body:
 -
[15/Oct/2018:15:09:45 +0000], User: -, "GET /entity/courses, Status: 200"
 Header:
 Host,localhost:10000,Connection,keep-alive,Cache-Control,max-age=0,Upgrade-Insecure-Requests,1,User-Agent,Mozilla/5.0 (Windows NT 10.0; Win64; x64) AppleWebKit/537.36 (KHTML, like Gecko) Chrome/69.0.3497.100 Safari/537.36,Accept,text/html,application/xhtml+xml,application/xml;q=0.9,image/webp,image/apng,*/*;q=0.8,Accept-Encoding,gzip, deflate, br,Accept-Language,en-US,en;q=0.9,ar;q=0.8,Cookie,ajs_user_id=null; ajs_group_id=null; ajs_anonymous_id=%22895d57ce-4548-4028-8f08-599d9947fa6b%22,If-None-Match,W/"4b-w51GOLaBcGjEiwGp4xV8gyEgboQ"
 Body:
 -
[15/Oct/2018:15:56:09 +0000], User: -, "GET /metadata, Status: 200"
 Header:
 Host,127.0.0.1:63443,Accept-Encoding,gzip, deflate,User-Agent,node-superagent/3.8.2,Accept,application/json,Connection,close
 Body:
 -
[15/Oct/2018:15:56:09 +0000], User: -, "GET /entity/courses, Status: 200"
 Header:
 Host,127.0.0.1:63445,Accept-Encoding,gzip, deflate,User-Agent,node-superagent/3.8.2,Accept,application/json,Connection,close
 Body:
 -
[15/Oct/2018:15:58:23 +0000], User: -, "GET /metadata, Status: 200"
 Header:
 Host,127.0.0.1:63455,Accept-Encoding,gzip, deflate,User-Agent,node-superagent/3.8.2,Accept,application/json,Connection,close
 Body:
 -
[15/Oct/2018:15:58:23 +0000], User: -, "GET /entity/courses, Status: 200"
 Header:
 Host,127.0.0.1:63457,Accept-Encoding,gzip, deflate,User-Agent,node-superagent/3.8.2,Accept,application/json,Connection,close
 Body:
 -
[15/Oct/2018:15:59:07 +0000], User: -, "GET /entity/metadata, Status: 404"
 Header:
 Host,localhost:10000,Connection,keep-alive,Upgrade-Insecure-Requests,1,User-Agent,Mozilla/5.0 (Windows NT 10.0; Win64; x64) AppleWebKit/537.36 (KHTML, like Gecko) Chrome/69.0.3497.100 Safari/537.36,Accept,text/html,application/xhtml+xml,application/xml;q=0.9,image/webp,image/apng,*/*;q=0.8,Accept-Encoding,gzip, deflate, br,Accept-Language,en-US,en;q=0.9,ar;q=0.8,Cookie,ajs_user_id=null; ajs_group_id=null; ajs_anonymous_id=%22895d57ce-4548-4028-8f08-599d9947fa6b%22
 Body:
 -
[15/Oct/2018:15:59:11 +0000], User: -, "GET /metadata, Status: 200"
 Header:
 Host,localhost:10000,Connection,keep-alive,Upgrade-Insecure-Requests,1,User-Agent,Mozilla/5.0 (Windows NT 10.0; Win64; x64) AppleWebKit/537.36 (KHTML, like Gecko) Chrome/69.0.3497.100 Safari/537.36,Accept,text/html,application/xhtml+xml,application/xml;q=0.9,image/webp,image/apng,*/*;q=0.8,Accept-Encoding,gzip, deflate, br,Accept-Language,en-US,en;q=0.9,ar;q=0.8,Cookie,ajs_user_id=null; ajs_group_id=null; ajs_anonymous_id=%22895d57ce-4548-4028-8f08-599d9947fa6b%22
 Body:
 -
[15/Oct/2018:16:00:42 +0000], User: -, "POST /rest/v2/authorizationserver/oauth/token, Status: 404"
 Header:
 Host,localhost:10000,Connection,keep-alive,Content-Length,43,Accept,application/xml,Origin,http://127.0.0.1:63469,Accept-Language,en-US,en;q=0.8,fa;q=0.6,sv;q=0.4,User-Agent,Mozilla/5.0 (Windows NT 10.0; Win64; x64) AppleWebKit/537.36 (KHTML, like Gecko) Chrome/69.0.3497.100 Safari/537.36,Content-Type,application/x-www-form-urlencoded,Referer,http://127.0.0.1:63469/,Accept-Encoding,gzip, deflate, br
 Body:
 {"client_id":"22","client_secret":"33","grant_type":"44"}
[15/Oct/2018:16:01:33 +0000], User: -, "POST /entity/authorizationserver/oauth/token, Status: 200"
 Header:
 Host,localhost:10000,Connection,keep-alive,Content-Length,15,Accept,application/xml,Origin,http://127.0.0.1:63469,Accept-Language,en-US,en;q=0.8,fa;q=0.6,sv;q=0.4,User-Agent,Mozilla/5.0 (Windows NT 10.0; Win64; x64) AppleWebKit/537.36 (KHTML, like Gecko) Chrome/69.0.3497.100 Safari/537.36,Content-Type,application/x-www-form-urlencoded; charset=UTF-8,Referer,http://127.0.0.1:63469/,Accept-Encoding,gzip, deflate, br
 Body:
 {"object Object":""}
[15/Oct/2018:16:08:11 +0000], User: -, "POST /entity/authorizationserver/oauth/token, Status: 200"
 Header:
 Host,localhost:10000,Connection,keep-alive,Content-Length,15,Accept,application/xml,Origin,http://127.0.0.1:63469,Accept-Language,en-US,en;q=0.8,fa;q=0.6,sv;q=0.4,User-Agent,Mozilla/5.0 (Windows NT 10.0; Win64; x64) AppleWebKit/537.36 (KHTML, like Gecko) Chrome/69.0.3497.100 Safari/537.36,Content-Type,application/x-www-form-urlencoded; charset=UTF-8,Referer,http://127.0.0.1:63469/,Accept-Encoding,gzip, deflate, br
 Body:
 {"object Object":""}
