URL:
/1/cardtypes
HEADER: 
Host,localhost:10000,Connection,keep-alive,Cache-Control,max-age=0,Upgrade-Insecure-Requests,1,User-Agent,Mozilla/5.0 (Windows NT 10.0; Win64; x64) AppleWebKit/537.36 (KHTML, like Gecko) Chrome/68.0.3440.106 Safari/537.36,Accept,text/html,application/xhtml+xml,application/xml;q=0.9,image/webp,image/apng,*/*;q=0.8,Accept-Encoding,gzip, deflate, br,Accept-Language,en-US,en;q=0.9,ar;q=0.8,Cookie,ajs_user_id=null; ajs_group_id=null; ajs_anonymous_id=%22895d57ce-4548-4028-8f08-599d9947fa6b%22; hudson_auto_refresh=false
============================================

URL:
/1/cms/components?fields=DEFAULT&pageSize=10
HEADER: 
Host,localhost:10000,Connection,keep-alive,Access-Control-Request-Method,POST,Origin,http://127.0.0.1:64796,User-Agent,Mozilla/5.0 (Windows NT 10.0; Win64; x64) AppleWebKit/537.36 (KHTML, like Gecko) Chrome/68.0.3440.106 Safari/537.36,Access-Control-Request-Headers,content-type,Accept,*/*,Accept-Encoding,gzip, deflate, br,Accept-Language,en-US,en;q=0.9,ar;q=0.8
============================================

URL:
/1/cms/components?fields=DEFAULT&pageSize=10
HEADER: 
Host,localhost:10000,Connection,keep-alive,Content-Length,38,Accept,application/xml,Origin,http://127.0.0.1:64796,Accept-Language,en-US,en;q=0.8,fa;q=0.6,sv;q=0.4,User-Agent,Mozilla/5.0 (Windows NT 10.0; Win64; x64) AppleWebKit/537.36 (KHTML, like Gecko) Chrome/68.0.3440.106 Safari/537.36,Content-Type,application/json,Referer,http://127.0.0.1:64796/,Accept-Encoding,gzip, deflate, br
BODY: 
{"idList":["2","3"]}
============================================

URL:
/1/cardtypes
Reached at29/8/2018 @ 14:5:35HEADER: 
Host,localhost:10000,Connection,keep-alive,Cache-Control,max-age=0,Upgrade-Insecure-Requests,1,User-Agent,Mozilla/5.0 (Windows NT 10.0; Win64; x64) AppleWebKit/537.36 (KHTML, like Gecko) Chrome/68.0.3440.106 Safari/537.36,Accept,text/html,application/xhtml+xml,application/xml;q=0.9,image/webp,image/apng,*/*;q=0.8,Accept-Encoding,gzip, deflate, br,Accept-Language,en-US,en;q=0.9,ar;q=0.8,Cookie,ajs_user_id=null; ajs_group_id=null; ajs_anonymous_id=%22895d57ce-4548-4028-8f08-599d9947fa6b%22; hudson_auto_refresh=false,If-None-Match,W/"4f-KUEezDkicsooH055k6g6gr6rhxA"
============================================

URL:
/1/cardtypes
Reached on 29/8/2018 @ 14:6:22
HEADER: 
Host,localhost:10000,Connection,keep-alive,Cache-Control,max-age=0,Upgrade-Insecure-Requests,1,User-Agent,Mozilla/5.0 (Windows NT 10.0; Win64; x64) AppleWebKit/537.36 (KHTML, like Gecko) Chrome/68.0.3440.106 Safari/537.36,Accept,text/html,application/xhtml+xml,application/xml;q=0.9,image/webp,image/apng,*/*;q=0.8,Accept-Encoding,gzip, deflate, br,Accept-Language,en-US,en;q=0.9,ar;q=0.8,Cookie,ajs_user_id=null; ajs_group_id=null; ajs_anonymous_id=%22895d57ce-4548-4028-8f08-599d9947fa6b%22; hudson_auto_refresh=false,If-None-Match,W/"4f-KUEezDkicsooH055k6g6gr6rhxA"
============================================

